<?xml version="1.0" encoding="UTF-8"?>
<coverage generated="1739356104876" clover="3.2.0">
  <project timestamp="1739356104876" name="All files">
    <metrics statements="5" coveredstatements="5" conditionals="0" coveredconditionals="0" methods="2" coveredmethods="2" elements="7" coveredelements="7" complexity="0" loc="5" ncloc="5" packages="1" files="2" classes="2"/>
    <file name="Footer.tsx" path="C:\Users\Hoved\Documents\GitHub\holidaze_exam\src\components\layout\Footer.tsx">
      <metrics statements="2" coveredstatements="2" conditionals="0" coveredconditionals="0" methods="1" coveredmethods="1"/>
      <line num="1" count="1" type="stmt"/>
      <line num="2" count="1" type="stmt"/>
    </file>
    <file name="Header.tsx" path="C:\Users\Hoved\Documents\GitHub\holidaze_exam\src\components\layout\Header.tsx">
      <metrics statements="3" coveredstatements="3" conditionals="0" coveredconditionals="0" methods="1" coveredmethods="1"/>
      <line num="1" count="1" type="stmt"/>
      <line num="3" count="1" type="stmt"/>
      <line num="4" count="1" type="stmt"/>
    </file>
  </project>
</coverage>
