{"C:\\Users\\Hoved\\Documents\\GitHub\\holidaze_exam\\src\\components\\layout\\Footer.tsx": {"path":"C:\\Users\\Hoved\\Documents\\GitHub\\holidaze_exam\\src\\components\\layout\\Footer.tsx","statementMap":{"0":{"start":{"line":1,"column":22},"end":{"line":7,"column":1}},"1":{"start":{"line":2,"column":2},"end":{"line":6,"column":4}},"2":{"start":{"line":1,"column":13},"end":{"line":1,"column":22}}},"fnMap":{"0":{"name":"(anonymous_0)","decl":{"start":{"line":1,"column":22},"end":{"line":1,"column":25}},"loc":{"start":{"line":1,"column":27},"end":{"line":7,"column":1}}}},"branchMap":{},"s":{"0":1,"1":1,"2":1},"f":{"0":1},"b":{}}
,"C:\\Users\\Hoved\\Documents\\GitHub\\holidaze_exam\\src\\components\\layout\\Header.tsx": {"path":"C:\\Users\\Hoved\\Documents\\GitHub\\holidaze_exam\\src\\components\\layout\\Header.tsx","statementMap":{"0":{"start":{"line":1,"column":0},"end":{"line":1,"column":40}},"1":{"start":{"line":3,"column":22},"end":{"line":43,"column":1}},"2":{"start":{"line":4,"column":2},"end":{"line":42,"column":4}},"3":{"start":{"line":3,"column":13},"end":{"line":3,"column":22}}},"fnMap":{"0":{"name":"(anonymous_0)","decl":{"start":{"line":3,"column":22},"end":{"line":3,"column":25}},"loc":{"start":{"line":3,"column":27},"end":{"line":43,"column":1}}}},"branchMap":{},"s":{"0":1,"1":1,"2":1,"3":1},"f":{"0":1},"b":{}}
}
